2026-04-03T22:17:13.818542+0530 | ERROR | Error creating user: password cannot be longer than 72 bytes, truncate manually if necessary (e.g. my_password[:72])
2026-04-03T22:18:53.148548+0530 | ERROR | Error creating user: password cannot be longer than 72 bytes, truncate manually if necessary (e.g. my_password[:72])
2026-04-03T22:18:54.154825+0530 | ERROR | Error creating user: password cannot be longer than 72 bytes, truncate manually if necessary (e.g. my_password[:72])
2026-04-03T22:26:58.625979+0530 | ERROR | Error creating user: password cannot be longer than 72 bytes, truncate manually if necessary (e.g. my_password[:72])
2026-04-03T22:27:04.160936+0530 | ERROR | Error creating user: password cannot be longer than 72 bytes, truncate manually if necessary (e.g. my_password[:72])
2026-04-03T22:29:54.457706+0530 | ERROR | Error creating user: password cannot be longer than 72 bytes, truncate manually if necessary (e.g. my_password[:72])
2026-04-03T22:32:53.606622+0530 | ERROR | Error creating user: password cannot be longer than 72 bytes, truncate manually if necessary (e.g. my_password[:72])
2026-04-03T22:33:45.166511+0530 | ERROR | Error creating user: password cannot be longer than 72 bytes, truncate manually if necessary (e.g. my_password[:72])
2026-04-03T22:34:20.032452+0530 | ERROR | Error creating user: password cannot be longer than 72 bytes, truncate manually if necessary (e.g. my_password[:72])
Traceback (most recent call last):
  File "E:\fundoo_app\app\services\auth_service.py", line 27, in create_user
    hashed_pw = self.get_password_hash(user_data.password)
  File "E:\fundoo_app\app\services\auth_service.py", line 14, in get_password_hash
    return pwd_context.hash(sha256_pw)
           ~~~~~~~~~~~~~~~~^^^^^^^^^^^
  File "E:\fundoo_app\.venv\Lib\site-packages\passlib\context.py", line 2258, in hash
    return record.hash(secret, **kwds)
           ~~~~~~~~~~~^^^^^^^^^^^^^^^^
  File "E:\fundoo_app\.venv\Lib\site-packages\passlib\utils\handlers.py", line 779, in hash
    self.checksum = self._calc_checksum(secret)
                    ~~~~~~~~~~~~~~~~~~~^^^^^^^^
  File "E:\fundoo_app\.venv\Lib\site-packages\passlib\handlers\bcrypt.py", line 591, in _calc_checksum
    self._stub_requires_backend()
    ~~~~~~~~~~~~~~~~~~~~~~~~~~~^^
  File "E:\fundoo_app\.venv\Lib\site-packages\passlib\utils\handlers.py", line 2254, in _stub_requires_backend
    cls.set_backend()
    ~~~~~~~~~~~~~~~^^
  File "E:\fundoo_app\.venv\Lib\site-packages\passlib\utils\handlers.py", line 2156, in set_backend
    return owner.set_backend(name, dryrun=dryrun)
           ~~~~~~~~~~~~~~~~~^^^^^^^^^^^^^^^^^^^^^
  File "E:\fundoo_app\.venv\Lib\site-packages\passlib\utils\handlers.py", line 2163, in set_backend
    return cls.set_backend(name, dryrun=dryrun)
           ~~~~~~~~~~~~~~~^^^^^^^^^^^^^^^^^^^^^
  File "E:\fundoo_app\.venv\Lib\site-packages\passlib\utils\handlers.py", line 2188, in set_backend
    cls._set_backend(name, dryrun)
    ~~~~~~~~~~~~~~~~^^^^^^^^^^^^^^
  File "E:\fundoo_app\.venv\Lib\site-packages\passlib\utils\handlers.py", line 2311, in _set_backend
    super(SubclassBackendMixin, cls)._set_backend(name, dryrun)
    ~~~~~~~~~~~~~~~~~~~~~~~~~~~~~~~~~~~~~~~~~~~~~^^^^^^^^^^^^^^
  File "E:\fundoo_app\.venv\Lib\site-packages\passlib\utils\handlers.py", line 2224, in _set_backend
    ok = loader(**kwds)
  File "E:\fundoo_app\.venv\Lib\site-packages\passlib\handlers\bcrypt.py", line 626, in _load_backend_mixin
    return mixin_cls._finalize_backend_mixin(name, dryrun)
           ~~~~~~~~~~~~~~~~~~~~~~~~~~~~~~~~~^^^^^^^^^^^^^^
  File "E:\fundoo_app\.venv\Lib\site-packages\passlib\handlers\bcrypt.py", line 421, in _finalize_backend_mixin
    if detect_wrap_bug(IDENT_2A):
       ~~~~~~~~~~~~~~~^^^^^^^^^^
  File "E:\fundoo_app\.venv\Lib\site-packages\passlib\handlers\bcrypt.py", line 380, in detect_wrap_bug
    if verify(secret, bug_hash):
       ~~~~~~^^^^^^^^^^^^^^^^^^
  File "E:\fundoo_app\.venv\Lib\site-packages\passlib\utils\handlers.py", line 792, in verify
    return consteq(self._calc_checksum(secret), chk)
                   ~~~~~~~~~~~~~~~~~~~^^^^^^^^
  File "E:\fundoo_app\.venv\Lib\site-packages\passlib\handlers\bcrypt.py", line 655, in _calc_checksum
    hash = _bcrypt.hashpw(secret, config)
ValueError: password cannot be longer than 72 bytes, truncate manually if necessary (e.g. my_password[:72])

2026-04-03T22:35:00.661640+0530 | INFO | User created with ID: 1
2026-04-03T22:36:56.019790+0530 | INFO | User created with ID: 2
2026-04-03T22:37:18.249404+0530 | INFO | User authenticated: 2
2026-04-03T22:37:53.440293+0530 | INFO | Notes create SuccessFully
2026-04-03T22:38:48.300452+0530 | INFO | Notes create SuccessFully
2026-04-03T22:39:00.990844+0530 | INFO | Note updated successfully
2026-04-03T22:46:51.760014+0530 | INFO | User created with ID: 3
2026-04-03T22:46:59.464615+0530 | INFO | User authenticated: 3
2026-04-03T22:47:11.587288+0530 | INFO | Notes create SuccessFully
2026-04-03T22:47:47.971557+0530 | INFO | Note updated successfully
2026-04-03T22:47:53.817147+0530 | INFO | Note updated successfully
2026-04-03T22:59:31.607229+0530 | INFO | Note updated successfully
2026-04-03T22:59:35.700827+0530 | INFO | Note updated successfully
2026-04-04T10:27:35.995845+0530 | INFO | User created with ID: 4
2026-04-04T10:27:49.793116+0530 | INFO | User authenticated: 4
2026-04-04T10:28:01.859569+0530 | INFO | Notes create SuccessFully
2026-04-04T10:28:06.433754+0530 | INFO | Note updated successfully
2026-04-04T10:28:09.380385+0530 | INFO | Note updated successfully
2026-04-04T10:28:12.751110+0530 | INFO | Note updated successfully
2026-04-04T10:28:16.915021+0530 | INFO | Note updated successfully
2026-04-04T10:28:20.289193+0530 | INFO | Note updated successfully
2026-05-02T04:10:04.654318+0530 | ERROR | Error creating note: (psycopg2.errors.UndefinedColumn) column "description" of relation "notes" does not exist
LINE 1: INSERT INTO notes (title, description, color, "isArchived", ...
                                  ^

[SQL: INSERT INTO notes (title, description, color, "isArchived", "isTrashed", use, created_at, updated_at) VALUES (%(title)s, %(description)s, %(color)s, %(isArchived)s, %(isTrashed)s, %(use)s, %(created_at)s, %(updated_at)s) RETURNING notes.id]
[parameters: {'title': '', 'description': 'Hello', 'color': '#ffffff', 'isArchived': False, 'isTrashed': False, 'use': 1, 'created_at': datetime.datetime(2026, 5, 1, 22, 40, 4, 609161), 'updated_at': datetime.datetime(2026, 5, 1, 22, 40, 4, 609228)}]
(Background on this error at: https://sqlalche.me/e/20/f405)
2026-05-02T04:14:19.589384+0530 | INFO | User created with ID: 2
2026-05-02T04:14:30.962395+0530 | INFO | User authenticated: 2
2026-05-02T04:14:44.851994+0530 | ERROR | Error creating note: (psycopg2.errors.UndefinedColumn) column "description" of relation "notes" does not exist
LINE 1: INSERT INTO notes (title, description, color, "isArchived", ...
                                  ^

[SQL: INSERT INTO notes (title, description, color, "isArchived", "isTrashed", use, created_at, updated_at) VALUES (%(title)s, %(description)s, %(color)s, %(isArchived)s, %(isTrashed)s, %(use)s, %(created_at)s, %(updated_at)s) RETURNING notes.id]
[parameters: {'title': 'Helllo', 'description': 'cxnslc', 'color': '#ffffff', 'isArchived': False, 'isTrashed': False, 'use': 2, 'created_at': datetime.datetime(2026, 5, 1, 22, 44, 44, 823462), 'updated_at': datetime.datetime(2026, 5, 1, 22, 44, 44, 824863)}]
(Background on this error at: https://sqlalche.me/e/20/f405)
2026-05-02T04:14:54.443858+0530 | ERROR | Error creating note: (psycopg2.errors.UndefinedColumn) column "description" of relation "notes" does not exist
LINE 1: INSERT INTO notes (title, description, color, "isArchived", ...
                                  ^

[SQL: INSERT INTO notes (title, description, color, "isArchived", "isTrashed", use, created_at, updated_at) VALUES (%(title)s, %(description)s, %(color)s, %(isArchived)s, %(isTrashed)s, %(use)s, %(created_at)s, %(updated_at)s) RETURNING notes.id]
[parameters: {'title': '', 'description': 'hh', 'color': '#ffffff', 'isArchived': False, 'isTrashed': False, 'use': 2, 'created_at': datetime.datetime(2026, 5, 1, 22, 44, 54, 437723), 'updated_at': datetime.datetime(2026, 5, 1, 22, 44, 54, 437735)}]
(Background on this error at: https://sqlalche.me/e/20/f405)
2026-05-02T04:22:54.983271+0530 | ERROR | Error creating note: (psycopg2.errors.UndefinedColumn) column "description" of relation "notes" does not exist
LINE 1: INSERT INTO notes (title, description, color, "isArchived", ...
                                  ^

[SQL: INSERT INTO notes (title, description, color, "isArchived", "isTrashed", use, created_at, updated_at) VALUES (%(title)s, %(description)s, %(color)s, %(isArchived)s, %(isTrashed)s, %(use)s, %(created_at)s, %(updated_at)s) RETURNING notes.id]
[parameters: {'title': 'abc', 'description': 'ksdcksdmc', 'color': '#ffffff', 'isArchived': False, 'isTrashed': False, 'use': 0, 'created_at': datetime.datetime(2026, 5, 1, 22, 52, 54, 963689), 'updated_at': datetime.datetime(2026, 5, 1, 22, 52, 54, 963695)}]
(Background on this error at: https://sqlalche.me/e/20/f405)
2026-05-02T04:24:27.324232+0530 | ERROR | Error creating note: 'use' is an invalid keyword argument for Note
2026-05-02T04:24:45.298007+0530 | ERROR | Error creating note: 'use' is an invalid keyword argument for Note
2026-05-02T04:26:40.259946+0530 | ERROR | Error creating note: 'NoteCreate' object has no attribute 'user_id'
2026-05-02T04:27:51.822407+0530 | ERROR | Error creating note: (psycopg2.errors.UndefinedColumn) column "description" of relation "notes" does not exist
LINE 1: INSERT INTO notes (title, description, color, "isArchived", ...
                                  ^

[SQL: INSERT INTO notes (title, description, color, "isArchived", "isTrashed", user_id, created_at, updated_at) VALUES (%(title)s, %(description)s, %(color)s, %(isArchived)s, %(isTrashed)s, %(user_id)s, %(created_at)s, %(updated_at)s) RETURNING notes.id]
[parameters: {'title': '', 'description': '', 'color': '#ffffff', 'isArchived': False, 'isTrashed': False, 'user_id': 0, 'created_at': datetime.datetime(2026, 5, 1, 22, 57, 51, 784078), 'updated_at': datetime.datetime(2026, 5, 1, 22, 57, 51, 784090)}]
(Background on this error at: https://sqlalche.me/e/20/f405)
2026-05-02T04:31:25.013318+0530 | ERROR | Error creating note: (psycopg2.errors.UndefinedTable) relation "notes" does not exist
LINE 1: INSERT INTO notes (title, description, color, "isArchived", ...
                    ^

[SQL: INSERT INTO notes (title, description, color, "isArchived", "isTrashed", user_id, created_at, updated_at) VALUES (%(title)s, %(description)s, %(color)s, %(isArchived)s, %(isTrashed)s, %(user_id)s, %(created_at)s, %(updated_at)s) RETURNING notes.id]
[parameters: {'title': '', 'description': '', 'color': '#ffffff', 'isArchived': False, 'isTrashed': False, 'user_id': 0, 'created_at': datetime.datetime(2026, 5, 1, 23, 1, 24, 982555), 'updated_at': datetime.datetime(2026, 5, 1, 23, 1, 24, 982567)}]
(Background on this error at: https://sqlalche.me/e/20/f405)
2026-05-02T04:31:50.415583+0530 | ERROR | Error creating note: (psycopg2.errors.ForeignKeyViolation) insert or update on table "notes" violates foreign key constraint "notes_user_id_fkey"
DETAIL:  Key (user_id)=(0) is not present in table "users".

[SQL: INSERT INTO notes (title, description, color, "isArchived", "isTrashed", user_id, created_at, updated_at) VALUES (%(title)s, %(description)s, %(color)s, %(isArchived)s, %(isTrashed)s, %(user_id)s, %(created_at)s, %(updated_at)s) RETURNING notes.id]
[parameters: {'title': '', 'description': '', 'color': '#ffffff', 'isArchived': False, 'isTrashed': False, 'user_id': 0, 'created_at': datetime.datetime(2026, 5, 1, 23, 1, 50, 382113), 'updated_at': datetime.datetime(2026, 5, 1, 23, 1, 50, 382119)}]
(Background on this error at: https://sqlalche.me/e/20/gkpj)
2026-05-02T04:33:28.694800+0530 | INFO | Notes create SuccessFully
2026-05-02T04:34:31.426291+0530 | INFO | Notes create SuccessFully
2026-05-02T04:35:44.139543+0530 | INFO | Notes create SuccessFully
2026-05-02T04:36:02.512469+0530 | INFO | Notes create SuccessFully
2026-05-02T04:40:02.400615+0530 | INFO | Note created successfully
2026-05-02T04:40:09.119747+0530 | INFO | Note updated successfully
2026-05-02T04:40:11.188693+0530 | INFO | Note updated successfully
2026-05-02T04:40:14.962726+0530 | INFO | Note updated successfully
2026-05-02T04:40:33.382325+0530 | INFO | Note created successfully
2026-05-02T04:40:36.747768+0530 | INFO | Note updated successfully
2026-05-02T04:40:59.519380+0530 | INFO | Note created successfully
2026-05-02T04:41:02.064392+0530 | INFO | Note updated successfully
2026-05-02T04:42:15.682221+0530 | INFO | Note created successfully
2026-05-02T04:42:18.738486+0530 | INFO | Note created successfully
2026-05-02T04:43:24.650707+0530 | INFO | Note created successfully
2026-05-02T04:49:36.238755+0530 | INFO | Note updated successfully
2026-05-02T04:49:43.291649+0530 | INFO | Note deleted successfully
2026-05-02T04:49:57.838612+0530 | INFO | Note updated successfully
2026-05-02T04:51:45.939668+0530 | INFO | Note updated successfully
2026-05-02T04:51:47.477881+0530 | INFO | Note updated successfully
2026-05-02T04:51:48.860154+0530 | INFO | Note updated successfully
2026-05-02T04:51:55.584775+0530 | INFO | Note updated successfully
2026-05-02T04:51:57.845173+0530 | INFO | Note updated successfully
2026-05-02T04:52:01.536455+0530 | INFO | Note updated successfully
2026-05-02T04:52:05.604869+0530 | INFO | Note updated successfully
2026-05-02T04:55:27.545045+0530 | INFO | Note updated successfully
2026-05-02T04:55:31.939736+0530 | INFO | Note deleted successfully
2026-05-02T04:58:06.929488+0530 | INFO | Note updated successfully
2026-05-02T04:58:10.955144+0530 | INFO | Note deleted successfully
2026-05-02T04:58:17.824355+0530 | INFO | Note updated successfully
2026-05-02T04:58:22.434214+0530 | INFO | Note updated successfully
2026-05-02T04:58:26.244455+0530 | INFO | Note updated successfully
2026-05-02T04:58:27.719299+0530 | INFO | Note updated successfully
2026-05-02T04:58:32.895917+0530 | INFO | Note updated successfully
2026-05-02T04:58:36.415261+0530 | INFO | Note updated successfully
2026-05-02T04:58:43.473312+0530 | INFO | Note updated successfully
2026-05-02T04:58:48.591365+0530 | INFO | Note updated successfully
2026-05-02T05:01:31.169308+0530 | INFO | Note created successfully
2026-05-02T05:08:51.937753+0530 | INFO | Note updated successfully
2026-05-02T05:09:43.079095+0530 | INFO | Note updated successfully
2026-05-02T05:16:52.506678+0530 | INFO | Note updated successfully
2026-05-02T05:17:35.510783+0530 | INFO | Note updated successfully
2026-05-02T05:17:39.091645+0530 | INFO | Note updated successfully
2026-05-02T05:18:03.019971+0530 | INFO | Note updated successfully
2026-05-02T05:18:03.322292+0530 | INFO | Note updated successfully
2026-05-02T05:18:08.942524+0530 | INFO | Note updated successfully
2026-05-02T05:19:49.600391+0530 | INFO | Note updated successfully
2026-05-02T05:19:52.017658+0530 | INFO | Note updated successfully
2026-05-02T05:19:57.802727+0530 | INFO | Note updated successfully
2026-05-02T05:20:01.080007+0530 | INFO | Note updated successfully
2026-05-02T05:20:02.779974+0530 | INFO | Note updated successfully
2026-05-02T05:20:17.972363+0530 | INFO | Note updated successfully
2026-05-02T05:20:21.417229+0530 | INFO | Note updated successfully
2026-05-02T05:20:23.524605+0530 | INFO | Note updated successfully
2026-05-02T05:20:26.190624+0530 | INFO | Note updated successfully
2026-05-02T05:20:28.016270+0530 | INFO | Note updated successfully
2026-05-02T05:20:29.558516+0530 | INFO | Note updated successfully
2026-05-02T05:20:32.935153+0530 | INFO | Note updated successfully
2026-05-02T05:20:37.005174+0530 | INFO | Note updated successfully
2026-05-02T05:20:42.081620+0530 | INFO | Note deleted successfully
2026-05-02T05:20:43.723672+0530 | INFO | Note deleted successfully
2026-05-02T05:20:45.042283+0530 | INFO | Note deleted successfully
2026-05-02T05:20:46.222589+0530 | INFO | Note deleted successfully
2026-05-02T05:20:46.994284+0530 | INFO | Note deleted successfully
2026-05-02T05:20:47.700486+0530 | INFO | Note deleted successfully
2026-05-02T05:20:48.507712+0530 | INFO | Note deleted successfully
2026-05-02T05:20:50.678661+0530 | INFO | Note deleted successfully
2026-05-02T13:45:29.329886+0530 | INFO | Note created successfully
2026-05-02T15:33:55.082521+0530 | ERROR | Error creating note: (psycopg2.errors.ForeignKeyViolation) insert or update on table "notes" violates foreign key constraint "notes_user_id_fkey"
DETAIL:  Key (user_id)=(6) is not present in table "users".

[SQL: INSERT INTO notes (title, description, color, "isArchived", "isTrashed", user_id, created_at, updated_at) VALUES (%(title)s, %(description)s, %(color)s, %(isArchived)s, %(isTrashed)s, %(user_id)s, %(created_at)s, %(updated_at)s) RETURNING notes.id]
[parameters: {'title': 'hello', 'description': '', 'color': '#ffffff', 'isArchived': False, 'isTrashed': False, 'user_id': 6, 'created_at': datetime.datetime(2026, 5, 2, 10, 3, 54, 851860), 'updated_at': datetime.datetime(2026, 5, 2, 10, 3, 54, 851910)}]
(Background on this error at: https://sqlalche.me/e/20/gkpj)
2026-05-02T15:44:54.378685+0530 | ERROR | Error creating note: (psycopg2.errors.ForeignKeyViolation) insert or update on table "notes" violates foreign key constraint "notes_user_id_fkey"
DETAIL:  Key (user_id)=(6) is not present in table "users".

[SQL: INSERT INTO notes (title, description, color, "isArchived", "isTrashed", user_id, created_at, updated_at) VALUES (%(title)s, %(description)s, %(color)s, %(isArchived)s, %(isTrashed)s, %(user_id)s, %(created_at)s, %(updated_at)s) RETURNING notes.id]
[parameters: {'title': '', 'description': 'yhubh', 'color': '#ffffff', 'isArchived': False, 'isTrashed': False, 'user_id': 6, 'created_at': datetime.datetime(2026, 5, 2, 10, 14, 54, 1738), 'updated_at': datetime.datetime(2026, 5, 2, 10, 14, 54, 1769)}]
(Background on this error at: https://sqlalche.me/e/20/gkpj)
2026-05-02T15:46:58.821023+0530 | INFO | User created with ID: 3
2026-05-02T15:47:05.252500+0530 | INFO | User authenticated: 3
2026-05-02T15:47:17.783097+0530 | INFO | Note created successfully
2026-05-02T15:47:26.707737+0530 | INFO | Note updated successfully
2026-05-02T15:47:40.679381+0530 | INFO | User authenticated: 2
2026-05-02T15:47:49.734888+0530 | INFO | Note updated successfully
2026-05-02T15:48:09.521565+0530 | INFO | User authenticated: 3
2026-05-02T15:48:21.138324+0530 | INFO | Note updated successfully
2026-05-02T15:48:25.859587+0530 | INFO | Note updated successfully
2026-05-02T16:48:22.302508+0530 | INFO | User created with ID: 1
2026-05-02T16:50:03.853483+0530 | INFO | User authenticated: 1
2026-05-02T17:02:38.633544+0530 | INFO | User created with ID: 2
2026-05-02T17:04:35.047644+0530 | INFO | User created with ID: 3
2026-05-02T17:05:25.042704+0530 | INFO | User created with ID: 4
2026-05-02T17:06:34.016208+0530 | INFO | User authenticated: 1
2026-05-02T17:08:05.431936+0530 | INFO | User created with ID: 5
2026-05-02T17:30:54.369538+0530 | INFO | User created with ID: 6
2026-05-02T17:49:36.747728+0530 | INFO | User authenticated: 1
2026-05-02T17:49:36.822967+0530 | INFO | User authenticated: 1
2026-05-02T17:49:36.850681+0530 | INFO | User authenticated: 1
2026-05-02T17:49:36.855094+0530 | INFO | User authenticated: 1
2026-05-02T18:02:15.545220+0530 | INFO | User created with ID: 1
2026-05-02T18:10:20.955052+0530 | INFO | User created with ID: 1
2026-05-02T18:17:19.852196+0530 | INFO | User authenticated: 1
2026-05-02T18:17:41.934639+0530 | INFO | Note created successfully
2026-05-02T18:18:01.368148+0530 | INFO | Note updated successfully
2026-05-02T18:18:05.938086+0530 | INFO | Note updated successfully
2026-05-02T18:18:16.052196+0530 | INFO | Note updated successfully
2026-05-02T18:18:21.980684+0530 | INFO | Note updated successfully
2026-05-02T18:18:39.324514+0530 | INFO | Note updated successfully
2026-05-02T18:18:43.440677+0530 | INFO | Note updated successfully
2026-05-02T18:18:47.377682+0530 | INFO | Note updated successfully
2026-05-02T18:20:16.092188+0530 | INFO | Note updated successfully
2026-05-02T18:22:32.786888+0530 | INFO | Note updated successfully
2026-05-02T18:22:41.570702+0530 | INFO | Note updated successfully
2026-05-02T18:22:41.775879+0530 | INFO | Note updated successfully
2026-05-02T18:22:52.446617+0530 | INFO | Note deleted successfully
